Build started 16/02/2014 2:42:44 PM.
     1>Project "C:\Users\Tylar\documents\visual studio 2010\Projects\Amethyst Engine\Amethyst Engine\Amethyst Engine.vcxproj" on node 2 (build target(s)).
     1>InitializeBuildStatus:
         Creating "Debug\Amethyst Engine.unsuccessfulbuild" because "AlwaysCreate" was specified.
       ClCompile:
         c:\Program Files (x86)\Microsoft Visual Studio 10.0\VC\bin\CL.exe /c /ZI /nologo /W3 /WX- /Od /Oy- /D WIN32 /D _DEBUG /D _WINDOWS /D _UNICODE /D UNICODE /Gm /EHsc /RTC1 /MDd /GS /fp:precise /Zc:wchar_t /Zc:forScope /Fo"Debug\\" /Fd"Debug\vc100.pdb" /Gd /TP /analyze- /errorReport:prompt specularlightshaderclass.cpp
         specularlightshaderclass.cpp
       Lib:
         c:\Program Files (x86)\Microsoft Visual Studio 10.0\VC\bin\Lib.exe /OUT:"C:\Users\Tylar\documents\visual studio 2010\Projects\Amethyst Engine\Debug\Amethyst Engine.lib" /NOLOGO Debug\ambientlightclass.obj
         Debug\ambientlightshaderclass.obj
         Debug\cameraclass.obj
         Debug\colorshaderclass.obj
         Debug\d3dclass.obj
         Debug\diffuselightclass.obj
         Debug\diffuselightshaderclass.obj
         Debug\modelclass.obj
         Debug\specularlightclass.obj
         Debug\specularlightshaderclass.obj
         Debug\textureclass.obj
         Debug\textureshaderclass.obj
         Amethyst Engine.vcxproj -> C:\Users\Tylar\documents\visual studio 2010\Projects\Amethyst Engine\Debug\Amethyst Engine.lib
       FinalizeBuildStatus:
         Deleting file "Debug\Amethyst Engine.unsuccessfulbuild".
         Touching "Debug\Amethyst Engine.lastbuildstate".
     1>Done Building Project "C:\Users\Tylar\documents\visual studio 2010\Projects\Amethyst Engine\Amethyst Engine\Amethyst Engine.vcxproj" (build target(s)).

Build succeeded.

Time Elapsed 00:00:01.89
